2025-08-13 14:30:27,311 - INFO - User strtarted Task Management system...
2025-08-13 14:30:30,064 - INFO - User added a task...
2025-08-13 14:31:10,750 - INFO - User strtarted Task Management system...
2025-08-13 14:36:30,614 - INFO - User viewed all tasks...
2025-08-13 14:36:30,615 - INFO - User strtarted Task Management system...
2025-08-13 14:36:38,352 - INFO - User added a task...
2025-08-13 14:37:18,761 - INFO - User strtarted Task Management system...
2025-08-13 14:38:37,268 - INFO - User viewed all tasks...
2025-08-13 14:38:37,275 - INFO - User strtarted Task Management system...
2025-08-13 14:38:46,484 - INFO - User updated a task...
2025-08-13 14:40:05,068 - INFO - User strtarted Task Management system...
2025-08-13 14:40:08,756 - INFO - User viewed all tasks...
2025-08-13 14:40:08,757 - INFO - User strtarted Task Management system...
2025-08-13 14:43:20,002 - INFO - User viewed all tasks...
2025-08-13 14:43:20,003 - INFO - User strtarted Task Management system...
2025-08-13 14:43:26,473 - INFO - User updated a task...
2025-08-13 14:44:13,793 - INFO - User strtarted Task Management system...
2025-08-13 14:44:16,705 - INFO - User viewed all tasks...
2025-08-13 14:44:16,707 - INFO - User strtarted Task Management system...
2025-08-13 14:44:53,489 - INFO - User updated a task...
2025-08-13 14:45:20,867 - INFO - User strtarted Task Management system...
2025-08-13 14:45:33,896 - INFO - User viewed all tasks...
2025-08-13 14:45:33,897 - INFO - User strtarted Task Management system...
2025-08-13 14:46:48,639 - CRITICAL - User entered invalid input...
2025-08-13 14:46:48,639 - INFO - User exited Task Management system...
2025-08-13 14:46:51,626 - INFO - UserId None strtarted Task Management system...
2025-08-13 14:46:55,606 - INFO - UserID None viewed all tasks...
2025-08-13 14:46:55,607 - INFO - UserId None strtarted Task Management system...
2025-08-13 14:47:04,225 - INFO - UserID None deleted a task...
2025-08-13 14:47:05,906 - INFO - UserId None strtarted Task Management system...
2025-08-13 14:47:07,344 - INFO - UserID None viewed all tasks...
2025-08-13 14:47:07,346 - INFO - UserId None strtarted Task Management system...
2025-08-13 15:01:52,746 - CRITICAL - User entered invalid input...
2025-08-13 15:01:52,757 - INFO - UserId None exited Task Management system...
2025-08-13 15:01:57,180 - INFO - UserId None strtarted Task Management system...
2025-08-13 15:01:59,775 - INFO - UserID None viewed all tasks...
2025-08-13 15:01:59,776 - INFO - UserId None strtarted Task Management system...
2025-08-13 15:02:06,554 - INFO - UserID None updated a task...
2025-08-13 15:02:16,049 - WARNING - UserId 1 entered empty Description Value...
2025-08-13 15:02:49,674 - INFO - UserId 1 strtarted Task Management system...
2025-08-13 15:02:55,779 - INFO - UserID 1 viewed all tasks...
2025-08-13 15:02:55,781 - INFO - UserId 1 strtarted Task Management system...
2025-08-13 15:03:38,103 - CRITICAL - User entered invalid input...
2025-08-13 15:03:38,103 - INFO - UserId 1 exited Task Management system...
2025-08-13 15:03:42,047 - INFO - UserId None started Task Management system...
2025-08-13 15:03:47,473 - INFO - UserID None updated a task...
2025-08-13 15:04:07,629 - INFO - UserId None started Task Management system...
2025-08-13 15:04:16,442 - INFO - UserID None deleted a task...
2025-08-13 15:04:57,361 - INFO - UserId None strtarted Task Management system...
2025-08-13 15:05:02,201 - INFO - UserID None deleted a task...
2025-08-13 15:11:18,608 - INFO - UserId None strtarted Task Management system...
2025-08-13 15:11:21,745 - INFO - UserID None deleted a task...
2025-08-13 15:12:39,340 - INFO - UserId None strtarted Task Management system...
2025-08-13 15:12:43,714 - INFO - UserID None deleted a task...
2025-08-13 15:14:06,388 - INFO - UserId None strtarted Task Management system...
2025-08-13 15:14:11,172 - INFO - UserID None deleted a task...
2025-08-13 15:14:12,862 - INFO - UserId None strtarted Task Management system...
2025-08-13 15:14:16,137 - INFO - UserID None viewed all tasks...
2025-08-13 15:14:16,139 - INFO - UserId None strtarted Task Management system...
2025-08-13 15:14:33,843 - INFO - UserID None deleted a task...
2025-08-13 15:14:34,616 - INFO - UserId None strtarted Task Management system...
2025-08-13 15:14:38,162 - INFO - UserID None viewed all tasks...
2025-08-13 15:14:38,163 - INFO - UserId None strtarted Task Management system...
2025-08-13 15:16:15,202 - CRITICAL - User entered invalid input...
2025-08-13 15:16:15,202 - INFO - UserId None exited Task Management system...
2025-08-13 15:16:42,632 - INFO - UserId None strtarted Task Management system...
2025-08-13 15:16:47,800 - INFO - UserID None added a task...
2025-08-13 15:16:55,101 - INFO - UserId 15 strtarted Task Management system...
2025-08-13 15:16:57,383 - INFO - UserID 15 viewed all tasks...
2025-08-13 15:16:57,386 - INFO - UserId 15 strtarted Task Management system...
2025-08-13 15:17:07,890 - INFO - UserID 15 deleted a task...
2025-08-13 15:30:40,472 - INFO - UserId None strtarted Task Management system...
2025-08-13 15:30:44,972 - INFO - UserID None viewed all tasks...
2025-08-13 15:30:44,974 - INFO - UserId None strtarted Task Management system...
2025-08-13 15:30:54,953 - INFO - UserID None deleted a task...
2025-08-13 15:36:11,838 - ERROR - Invalid task found and skipped: None
2025-08-13 15:36:11,844 - INFO - Removed invalid tasks from file.
